<?xml version="1.0" encoding="UTF-8"?>
<!-- Generated by org.testng.reporters.JUnitReportReporter -->
<testsuite hostname="QSP" failures="0" tests="1" name="testng.Testcase3" time="25.781" errors="0" timestamp="2021-10-08T09:53:29 IST" skipped="0">
  <testcase classname="testng.Testcase3" name="createApage" time="25.781"/>
</testsuite> <!-- testng.Testcase3 -->
