<?xml version="1.0" encoding="UTF-8"?>
<!-- Generated by org.testng.reporters.JUnitReportReporter -->
<testsuite hostname="QSP" failures="0" tests="1" name="testng.Testcase1" time="24.053" errors="0" timestamp="2021-10-08T09:53:29 IST" skipped="0">
  <testcase classname="testng.Testcase1" name="loing" time="24.053"/>
</testsuite> <!-- testng.Testcase1 -->
