<?xml version="1.0" encoding="UTF-8"?>
<!-- Generated by org.testng.reporters.JUnitReportReporter -->
<testsuite hostname="QSP" failures="0" tests="3" name="testng.Test1" time="0.089" errors="0" timestamp="2021-10-08T09:07:54 IST" skipped="1">
  <testcase classname="testng.Test1" name="chats" time="0.081"/>
  <testcase classname="testng.Test1" name="calls" time="0.008"/>
  <testcase classname="testng.Test1" name="settings">
    <skipped/>
  </testcase> <!-- settings -->
</testsuite> <!-- testng.Test1 -->
